<?xml version="1.0" encoding="UTF-8"?>
<testng-results ignored="3" total="6" passed="3" failed="0" skipped="0">
  <reporter-output>
  </reporter-output>
  <suite started-at="2021-04-07T13:56:53 PKT" name="NegativeTestSuite" finished-at="2021-04-07T13:58:47 PKT" duration-ms="114825">
    <groups>
      <group name="positiveTests">
        <method signature="LoginTests.loginTest()[pri:1, instance:com.herokuapp.theinternet.LoginTests@c03cf28]" name="loginTest" class="com.herokuapp.theinternet.LoginTests"/>
      </group> <!-- positiveTests -->
      <group name="smokeTests">
        <method signature="LoginTests.loginTest()[pri:1, instance:com.herokuapp.theinternet.LoginTests@c03cf28]" name="loginTest" class="com.herokuapp.theinternet.LoginTests"/>
        <method signature="LoginTests.negativeLoginTest(java.lang.String, java.lang.String, java.lang.String)[pri:2, instance:com.herokuapp.theinternet.LoginTests@1649b0e6]" name="negativeLoginTest" class="com.herokuapp.theinternet.LoginTests"/>
        <method signature="LoginTests.negativeLoginTest(java.lang.String, java.lang.String, java.lang.String)[pri:2, instance:com.herokuapp.theinternet.LoginTests@2abf4075]" name="negativeLoginTest" class="com.herokuapp.theinternet.LoginTests"/>
      </group> <!-- smokeTests -->
      <group name="negativeTests">
        <method signature="LoginTests.negativeLoginTest(java.lang.String, java.lang.String, java.lang.String)[pri:2, instance:com.herokuapp.theinternet.LoginTests@1649b0e6]" name="negativeLoginTest" class="com.herokuapp.theinternet.LoginTests"/>
        <method signature="LoginTests.negativeLoginTest(java.lang.String, java.lang.String, java.lang.String)[pri:2, instance:com.herokuapp.theinternet.LoginTests@2abf4075]" name="negativeLoginTest" class="com.herokuapp.theinternet.LoginTests"/>
      </group> <!-- negativeTests -->
    </groups>
    <test started-at="2021-04-07T13:56:53 PKT" name="PositiveTests" finished-at="2021-04-07T13:57:20 PKT" duration-ms="27054">
      <class name="com.herokuapp.theinternet.LoginTests">
        <test-method is-config="true" signature="setup()[pri:0, instance:com.herokuapp.theinternet.LoginTests@c03cf28]" started-at="2021-04-07T13:56:53 PKT" name="setup" finished-at="2021-04-07T13:56:56 PKT" duration-ms="3851" status="PASS">
          <reporter-output>
          </reporter-output>
        </test-method> <!-- setup -->
        <test-method signature="loginTest()[pri:1, instance:com.herokuapp.theinternet.LoginTests@c03cf28]" started-at="2021-04-07T13:56:56 PKT" name="loginTest" finished-at="2021-04-07T13:57:19 PKT" duration-ms="22406" status="PASS">
          <reporter-output>
          </reporter-output>
        </test-method> <!-- loginTest -->
        <test-method is-config="true" signature="tearDown()[pri:0, instance:com.herokuapp.theinternet.LoginTests@c03cf28]" started-at="2021-04-07T13:57:19 PKT" name="tearDown" finished-at="2021-04-07T13:57:20 PKT" duration-ms="738" status="PASS">
          <reporter-output>
          </reporter-output>
        </test-method> <!-- tearDown -->
      </class> <!-- com.herokuapp.theinternet.LoginTests -->
    </test> <!-- PositiveTests -->
    <test started-at="2021-04-07T13:57:20 PKT" name="NegativeUsernameTests" finished-at="2021-04-07T13:58:07 PKT" duration-ms="47605">
      <class name="com.herokuapp.theinternet.LoginTests">
        <test-method is-config="true" signature="setup()[pri:0, instance:com.herokuapp.theinternet.LoginTests@1649b0e6]" started-at="2021-04-07T13:57:20 PKT" name="setup" finished-at="2021-04-07T13:57:23 PKT" duration-ms="3018" status="PASS">
          <reporter-output>
          </reporter-output>
        </test-method> <!-- setup -->
        <test-method signature="negativeLoginTest(java.lang.String, java.lang.String, java.lang.String)[pri:2, instance:com.herokuapp.theinternet.LoginTests@1649b0e6]" started-at="2021-04-07T13:57:23 PKT" name="negativeLoginTest" finished-at="2021-04-07T13:58:06 PKT" duration-ms="43815" status="PASS">
          <params>
            <param index="0">
              <value>
                <![CDATA[incorrectUsername]]>
              </value>
            </param>
            <param index="1">
              <value>
                <![CDATA[SuperSecretPassword!]]>
              </value>
            </param>
            <param index="2">
              <value>
                <![CDATA[Your username is invalid!]]>
              </value>
            </param>
          </params>
          <reporter-output>
          </reporter-output>
        </test-method> <!-- negativeLoginTest -->
        <test-method is-config="true" signature="tearDown()[pri:0, instance:com.herokuapp.theinternet.LoginTests@1649b0e6]" started-at="2021-04-07T13:58:06 PKT" name="tearDown" finished-at="2021-04-07T13:58:07 PKT" duration-ms="764" status="PASS">
          <reporter-output>
          </reporter-output>
        </test-method> <!-- tearDown -->
      </class> <!-- com.herokuapp.theinternet.LoginTests -->
    </test> <!-- NegativeUsernameTests -->
    <test started-at="2021-04-07T13:58:07 PKT" name="NegativePasswordTests" finished-at="2021-04-07T13:58:47 PKT" duration-ms="40055">
      <class name="com.herokuapp.theinternet.LoginTests">
        <test-method is-config="true" signature="setup()[pri:0, instance:com.herokuapp.theinternet.LoginTests@2abf4075]" started-at="2021-04-07T13:58:07 PKT" name="setup" finished-at="2021-04-07T13:58:10 PKT" duration-ms="3032" status="PASS">
          <reporter-output>
          </reporter-output>
        </test-method> <!-- setup -->
        <test-method signature="negativeLoginTest(java.lang.String, java.lang.String, java.lang.String)[pri:2, instance:com.herokuapp.theinternet.LoginTests@2abf4075]" started-at="2021-04-07T13:58:10 PKT" name="negativeLoginTest" finished-at="2021-04-07T13:58:47 PKT" duration-ms="36309" status="PASS">
          <params>
            <param index="0">
              <value>
                <![CDATA[tomsmith]]>
              </value>
            </param>
            <param index="1">
              <value>
                <![CDATA[incorrectPassword!]]>
              </value>
            </param>
            <param index="2">
              <value>
                <![CDATA[Your password is invalid!]]>
              </value>
            </param>
          </params>
          <reporter-output>
          </reporter-output>
        </test-method> <!-- negativeLoginTest -->
        <test-method is-config="true" signature="tearDown()[pri:0, instance:com.herokuapp.theinternet.LoginTests@2abf4075]" started-at="2021-04-07T13:58:47 PKT" name="tearDown" finished-at="2021-04-07T13:58:47 PKT" duration-ms="706" status="PASS">
          <reporter-output>
          </reporter-output>
        </test-method> <!-- tearDown -->
      </class> <!-- com.herokuapp.theinternet.LoginTests -->
    </test> <!-- NegativePasswordTests -->
  </suite> <!-- NegativeTestSuite -->
</testng-results>
