<?xml version="1.0" encoding="UTF-8"?>
<!-- Generated by org.testng.reporters.JUnitXMLReporter -->
<testsuite ignored="1" hostname="nb-sfa" failures="0" tests="1" name="PositiveTests" time="46.495" errors="0" timestamp="2021-04-07T13:06:55 PKT">
  <testcase classname="com.herokuapp.theinternet.LoginTests" name="loginTest" time="40.599"/>
  <testcase classname="com.herokuapp.theinternet.LoginTests" name="negativeLoginTest" time="0.0">
    <ignored/>
  </testcase> <!-- negativeLoginTest -->
</testsuite> <!-- PositiveTests -->
